Arguments: 
  /usr/local/Cellar/node/11.2.0/bin/node /usr/local/Cellar/yarn/1.12.3/libexec/bin/yarn.js add add-sdk-model

PATH: 
  /Users/cbuonocore/.yarn/bin:/Users/cbuonocore/.config/yarn/global/node_modules/.bin:/usr/local/anaconda3/bin:/usr/local/bin:/usr/bin:/bin:/usr/sbin:/sbin:/Users/cbuonocore/.yarn/bin:/Users/cbuonocore/.config/yarn/global/node_modules/.bin:/usr/local/anaconda3/bin:/Users/cbuonocore/go/bin:/Users/cbuonocore/go/bin

Yarn version: 
  1.12.3

Node version: 
  8.11.3

Platform: 
  darwin x64

Trace: 
  Error: https://registry.drift.npme.io/add-sdk-model: Not found
      at Request.params.callback [as _callback] (/usr/local/Cellar/yarn/1.12.3/libexec/lib/cli.js:65894:18)
      at Request.self.callback (/usr/local/Cellar/yarn/1.12.3/libexec/lib/cli.js:129018:22)
      at emitTwo (events.js:126:13)
      at Request.emit (events.js:214:7)
      at Request.<anonymous> (/usr/local/Cellar/yarn/1.12.3/libexec/lib/cli.js:129990:10)
      at emitOne (events.js:116:13)
      at Request.emit (events.js:211:7)
      at Gunzip.<anonymous> (/usr/local/Cellar/yarn/1.12.3/libexec/lib/cli.js:129912:12)
      at Object.onceWrapper (events.js:313:30)
      at emitNone (events.js:111:20)

npm manifest: 
  {
    "name": "side-cook-your-personal-cook-assistant",
    "version": "1.0.0",
    "description": "SideCook will help you complete your favorite recipes: step by step",
    "main": "index.js",
    "scripts": {
      "test": "echo \"Error: no test specified\" && exit 1"
    },
    "author": "SideCook",
    "license": "ISC",
    "dependencies": {
      "ask-sdk-core": "^2.0.0",
      "ask-sdk-model": "^1.0.0",
      "axios": "^0.18.0",
      "fuse.js": "^3.3.0"
    }
  }

yarn manifest: 
  No manifest

Lockfile: 
  # THIS IS AN AUTOGENERATED FILE. DO NOT EDIT THIS FILE DIRECTLY.
  # yarn lockfile v1
  
  
  ask-sdk-core@^2.0.0:
    version "2.3.0"
    resolved "https://registry.drift.npme.io/ask-sdk-core/-/ask-sdk-core-2.3.0.tgz#0d9295930776a9c45d9d5c4f9247c648bfe7fd39"
    integrity sha512-aSc/xaY0lHZu8pmkYPR1ms72WPH73aggo7uL/k0dut6AhP3CmdU3Y9ui7IOAvRJnha0cToQ8TYU0jLEOH6MMNw==
    dependencies:
      ask-sdk-runtime "^2.2.0"
  
  ask-sdk-model@^1.0.0:
    version "1.11.2"
    resolved "https://registry.drift.npme.io/ask-sdk-model/-/ask-sdk-model-1.11.2.tgz#c91c08849c1ecb13f88f00e81d53d0249a1a5173"
    integrity sha512-nxXvf3NRfKbsKVegHrYqDaCn0EMylSuPKXn7SsMmgRJyi5HrxVycb1X/moQVoBJ06ZwGtvbhcI4AhtcWDbZFnw==
  
  ask-sdk-runtime@^2.2.0:
    version "2.2.0"
    resolved "https://registry.drift.npme.io/ask-sdk-runtime/-/ask-sdk-runtime-2.2.0.tgz#00b0dbbce9a362303045f36a4fd92024d6e8e07e"
    integrity sha512-pYqTizpk+13l7sU/bdyIZKRptyR7fP05T8OdY0/tpD8WQaCyIvPigIEHjYcXN0Yz23FkKECbIRvfXN9OQ7Ka5w==
  
  axios@^0.18.0:
    version "0.18.0"
    resolved "https://registry.drift.npme.io/axios/-/axios-0.18.0.tgz#32d53e4851efdc0a11993b6cd000789d70c05102"
    integrity sha1-MtU+SFHv3AoRmTts0AB4nXDAUQI=
    dependencies:
      follow-redirects "^1.3.0"
      is-buffer "^1.1.5"
  
  debug@=3.1.0:
    version "3.1.0"
    resolved "https://registry.drift.npme.io/debug/-/debug-3.1.0.tgz#5bb5a0672628b64149566ba16819e61518c67261"
    integrity sha512-OX8XqP7/1a9cqkxYw2yXss15f26NKWBpDXQd0/uK/KPqdQhxbPa994hnzjcE2VqQpDslf55723cKPUOGSmMY3g==
    dependencies:
      ms "2.0.0"
  
  follow-redirects@^1.3.0:
    version "1.6.1"
    resolved "https://registry.drift.npme.io/follow-redirects/-/follow-redirects-1.6.1.tgz#514973c44b5757368bad8bddfe52f81f015c94cb"
    integrity sha512-t2JCjbzxQpWvbhts3l6SH1DKzSrx8a+SsaVf4h6bG4kOXUuPYS/kg2Lr4gQSb7eemaHqJkOThF1BGyjlUkO1GQ==
    dependencies:
      debug "=3.1.0"
  
  fuse.js@^3.3.0:
    version "3.3.0"
    resolved "https://registry.drift.npme.io/fuse.js/-/fuse.js-3.3.0.tgz#1e4fe172a60687230fb54a5cb247eb96e2e7e885"
    integrity sha512-ESBRkGLWMuVkapqYCcNO1uqMg5qbCKkgb+VS6wsy17Rix0/cMS9kSOZoYkjH8Ko//pgJ/EEGu0GTjk2mjX2LGQ==
  
  is-buffer@^1.1.5:
    version "1.1.6"
    resolved "https://registry.drift.npme.io/is-buffer/-/is-buffer-1.1.6.tgz#efaa2ea9daa0d7ab2ea13a97b2b8ad51fefbe8be"
    integrity sha512-NcdALwpXkTm5Zvvbk7owOUSvVvBKDgKP5/ewfXEznmQFfs4ZRmanOeKBTjRVjka3QFoN6XJ+9F3USqfHqTaU5w==
  
  ms@2.0.0:
    version "2.0.0"
    resolved "https://registry.drift.npme.io/ms/-/ms-2.0.0.tgz#5608aeadfc00be6c2901df5f9861788de0d597c8"
    integrity sha1-VgiurfwAvmwpAd9fmGF4jeDVl8g=
